Building DAG of jobs...
Using shell: /bin/bash
Provided cores: 3
Rules claiming more threads will be scaled down.
Job counts:
	count	jobs
	1	all
	3	hunter
	4

[Thu Jul  2 16:59:10 2020]
Job 2: Executing virushunter search

/home/lauber/workflows/01_virushunter/virushunterTWC.pl RNAviruses /data/tests/SRA_n3/DRR067307.fastq.gz test_SRA_n3 DRR067307 /data/virushunter 6 /data/db/RefSeq/filter/filter /data/db/RefSeq/refseq_protein/refseq_protein /data/db/RefSeq/viral_genomic/viral_genomic /data/db/RefSeq/viral_protein/viral_protein.acc_list /home/lauber/workflows/01_virushunter 0 0

[Thu Jul  2 16:59:10 2020]
Job 1: Executing virushunter search

/home/lauber/workflows/01_virushunter/virushunterTWC.pl RNAviruses /data/tests/SRA_n3/ERR489193.fastq.gz test_SRA_n3 ERR489193 /data/virushunter 6 /data/db/RefSeq/filter/filter /data/db/RefSeq/refseq_protein/refseq_protein /data/db/RefSeq/viral_genomic/viral_genomic /data/db/RefSeq/viral_protein/viral_protein.acc_list /home/lauber/workflows/01_virushunter 0 0

[Thu Jul  2 16:59:10 2020]
Job 3: Executing virushunter search

/home/lauber/workflows/01_virushunter/virushunterTWC.pl RNAviruses /data/tests/SRA_n3/ERR1630605.fastq.gz test_SRA_n3 ERR1630605 /data/virushunter 6 /data/db/RefSeq/filter/filter /data/db/RefSeq/refseq_protein/refseq_protein /data/db/RefSeq/viral_genomic/viral_genomic /data/db/RefSeq/viral_protein/viral_protein.acc_list /home/lauber/workflows/01_virushunter 0 0
[Thu Jul  2 16:59:10 2020]
[Thu Jul  2 16:59:10 2020]
[Thu Jul  2 16:59:10 2020]
Error in rule hunter:
Error in rule hunter:
Error in rule hunter:
    jobid: 3
    jobid: 1
    jobid: 2
    output: /data/virushunter/RNAviruses/test_SRA_n3/results/ERR1630605/final.hits.tsv
    output: /data/virushunter/RNAviruses/test_SRA_n3/results/ERR489193/final.hits.tsv
    output: /data/virushunter/RNAviruses/test_SRA_n3/results/DRR067307/final.hits.tsv
    shell:
        /home/lauber/workflows/01_virushunter/virushunterTWC.pl RNAviruses /data/tests/SRA_n3/ERR1630605.fastq.gz test_SRA_n3 ERR1630605 /data/virushunter 6 /data/db/RefSeq/filter/filter /data/db/RefSeq/refseq_protein/refseq_protein /data/db/RefSeq/viral_genomic/viral_genomic /data/db/RefSeq/viral_protein/viral_protein.acc_list /home/lauber/workflows/01_virushunter 0 0
        (one of the commands exited with non-zero exit code; note that snakemake uses bash strict mode!)
    shell:
        /home/lauber/workflows/01_virushunter/virushunterTWC.pl RNAviruses /data/tests/SRA_n3/ERR489193.fastq.gz test_SRA_n3 ERR489193 /data/virushunter 6 /data/db/RefSeq/filter/filter /data/db/RefSeq/refseq_protein/refseq_protein /data/db/RefSeq/viral_genomic/viral_genomic /data/db/RefSeq/viral_protein/viral_protein.acc_list /home/lauber/workflows/01_virushunter 0 0
        (one of the commands exited with non-zero exit code; note that snakemake uses bash strict mode!)
    shell:
        /home/lauber/workflows/01_virushunter/virushunterTWC.pl RNAviruses /data/tests/SRA_n3/DRR067307.fastq.gz test_SRA_n3 DRR067307 /data/virushunter 6 /data/db/RefSeq/filter/filter /data/db/RefSeq/refseq_protein/refseq_protein /data/db/RefSeq/viral_genomic/viral_genomic /data/db/RefSeq/viral_protein/viral_protein.acc_list /home/lauber/workflows/01_virushunter 0 0
        (one of the commands exited with non-zero exit code; note that snakemake uses bash strict mode!)



Shutting down, this might take some time.
Exiting because a job execution failed. Look above for error message
Complete log: /home/lauber/workflows/01_virushunter/.snakemake/log/2020-07-02T165910.473799.snakemake.log
